{
  "RSpec": {
    "coverage": {
      "/home/shelly/soa/pokezon/api-pokezon/init.rb": {
        "lines": [
          null,
          null,
          1,
          2,
          null
        ]
      },
      "/home/shelly/soa/pokezon/api-pokezon/config/init.rb": {
        "lines": [
          null,
          null,
          1
        ]
      },
      "/home/shelly/soa/pokezon/api-pokezon/config/environment.rb": {
        "lines": [
          null,
          null,
          1,
          null,
          1,
          1,
          null,
          1,
          null,
          1,
          1,
          null,
          1,
          1,
          1,
          null,
          null,
          null,
          1,
          1,
          null,
          null,
          1,
          0,
          0,
          0,
          null,
          null,
          1,
          null,
          null,
          null,
          1,
          1,
          1,
          null,
          1,
          2,
          null,
          null,
          null,
          null
        ]
      },
      "/home/shelly/soa/pokezon/api-pokezon/app/init.rb": {
        "lines": [
          null,
          null,
          1,
          1,
          4,
          null
        ]
      },
      "/home/shelly/soa/pokezon/api-pokezon/app/domain/init.rb": {
        "lines": [
          null,
          null,
          1,
          1,
          2,
          null
        ]
      },
      "/home/shelly/soa/pokezon/api-pokezon/app/domain/pokezon/init.rb": {
        "lines": [
          null,
          null,
          1,
          null,
          3,
          null
        ]
      },
      "/home/shelly/soa/pokezon/api-pokezon/app/domain/pokezon/entities/init.rb": {
        "lines": [
          null,
          null,
          1,
          1,
          null,
          1,
          6,
          null
        ]
      },
      "/home/shelly/soa/pokezon/api-pokezon/app/domain/pokezon/entities/ability.rb": {
        "lines": [
          null,
          null,
          1,
          1,
          null,
          1,
          1,
          null,
          1,
          1,
          1,
          1,
          null,
          1,
          null,
          1,
          12,
          null,
          null,
          null,
          null
        ]
      },
      "/home/shelly/soa/pokezon/api-pokezon/app/domain/pokezon/entities/evochain.rb": {
        "lines": [
          null,
          null,
          1,
          1,
          null,
          1,
          1,
          1,
          1,
          1,
          1,
          1,
          null,
          1,
          6,
          null,
          null,
          null,
          null
        ]
      },
      "/home/shelly/soa/pokezon/api-pokezon/app/domain/pokezon/entities/pokemon.rb": {
        "lines": [
          null,
          null,
          1,
          1,
          1,
          null,
          1,
          1,
          null,
          1,
          1,
          null,
          1,
          1,
          1,
          1,
          1,
          1,
          1,
          1,
          1,
          1,
          1,
          1,
          1,
          1,
          null,
          1,
          null,
          1,
          1,
          null,
          1,
          18,
          null,
          null,
          null,
          null
        ]
      },
      "/home/shelly/soa/pokezon/api-pokezon/app/domain/pokezon/entities/type.rb": {
        "lines": [
          null,
          null,
          1,
          1,
          null,
          1,
          1,
          null,
          1,
          1,
          null,
          1,
          6,
          null,
          null,
          null,
          null
        ]
      },
      "/home/shelly/soa/pokezon/api-pokezon/app/domain/pokezon/entities/product.rb": {
        "lines": [
          null,
          null,
          1,
          1,
          null,
          1,
          1,
          null,
          1,
          1,
          1,
          1,
          1,
          1,
          1,
          1,
          1,
          1,
          null,
          1,
          0,
          null,
          null,
          null,
          null
        ]
      },
      "/home/shelly/soa/pokezon/api-pokezon/app/domain/pokezon/mappers/init.rb": {
        "lines": [
          null,
          null,
          1,
          6,
          null
        ]
      },
      "/home/shelly/soa/pokezon/api-pokezon/app/domain/pokezon/mappers/ability_mapper.rb": {
        "lines": [
          null,
          null,
          1,
          1,
          null,
          1,
          1,
          1,
          1,
          null,
          null,
          1,
          null,
          2,
          2,
          null,
          null,
          1,
          2,
          null,
          null,
          null,
          1,
          1,
          2,
          null,
          null,
          1,
          2,
          null,
          null,
          null,
          null,
          null,
          null,
          null,
          null,
          1,
          2,
          null,
          null,
          1,
          2,
          null,
          null,
          1,
          60,
          null,
          null,
          1,
          2,
          null,
          null,
          null,
          null,
          null
        ]
      },
      "/home/shelly/soa/pokezon/api-pokezon/app/domain/pokezon/mappers/evochain_mapper.rb": {
        "lines": [
          null,
          null,
          1,
          1,
          null,
          1,
          1,
          1,
          1,
          null,
          null,
          1,
          null,
          1,
          1,
          null,
          null,
          1,
          1,
          null,
          null,
          null,
          1,
          1,
          1,
          null,
          null,
          1,
          1,
          null,
          null,
          null,
          null,
          null,
          null,
          null,
          null,
          1,
          1,
          null,
          null,
          1,
          1,
          null,
          null,
          1,
          1,
          1,
          null,
          null,
          1,
          1,
          1,
          1,
          1,
          null,
          null,
          null,
          null,
          null,
          null,
          null,
          null
        ]
      },
      "/home/shelly/soa/pokezon/api-pokezon/app/domain/pokezon/mappers/pokemon_mapper.rb": {
        "lines": [
          null,
          null,
          1,
          1,
          1,
          1,
          null,
          1,
          1,
          1,
          1,
          null,
          null,
          1,
          null,
          1,
          1,
          1,
          1,
          null,
          null,
          1,
          1,
          null,
          null,
          null,
          1,
          1,
          1,
          1,
          1,
          1,
          1,
          1,
          null,
          null,
          1,
          1,
          null,
          null,
          null,
          null,
          null,
          null,
          null,
          null,
          null,
          null,
          null,
          null,
          null,
          null,
          null,
          null,
          null,
          null,
          null,
          null,
          1,
          1,
          null,
          null,
          1,
          1,
          null,
          null,
          1,
          1,
          2,
          null,
          null,
          null,
          1,
          1,
          null,
          null,
          1,
          1,
          null,
          null,
          1,
          1,
          null,
          null,
          1,
          1,
          null,
          null,
          1,
          1,
          null,
          null,
          1,
          1,
          null,
          null,
          1,
          1,
          1,
          1,
          null,
          null,
          null,
          null,
          null,
          1,
          1,
          null,
          null,
          1,
          1,
          null,
          null,
          1,
          1,
          null,
          null,
          1,
          1,
          2,
          null,
          null,
          null,
          1,
          1,
          null,
          null,
          null,
          null,
          null
        ]
      },
      "/home/shelly/soa/pokezon/api-pokezon/app/domain/pokezon/mappers/product_mapper.rb": {
        "lines": [
          null,
          null,
          1,
          1,
          null,
          1,
          1,
          0,
          0,
          null,
          null,
          1,
          null,
          0,
          0,
          null,
          null,
          1,
          0,
          0,
          0,
          null,
          null,
          null,
          null,
          null,
          1,
          1,
          0,
          0,
          null,
          null,
          1,
          0,
          null,
          null,
          null,
          null,
          null,
          null,
          null,
          null,
          null,
          null,
          null,
          null,
          null,
          1,
          0,
          null,
          null,
          1,
          0,
          null,
          null,
          1,
          0,
          null,
          null,
          1,
          0,
          null,
          null,
          1,
          0,
          null,
          null,
          1,
          0,
          null,
          null,
          1,
          0,
          null,
          null,
          1,
          0,
          null,
          null,
          0,
          null,
          null,
          null,
          null,
          null,
          null
        ]
      },
      "/home/shelly/soa/pokezon/api-pokezon/app/domain/pokezon/mappers/type_mapper.rb": {
        "lines": [
          null,
          null,
          1,
          1,
          null,
          1,
          1,
          1,
          1,
          null,
          null,
          null,
          null,
          null,
          null,
          null,
          null,
          1,
          2,
          null,
          null,
          null,
          1,
          1,
          2,
          null,
          null,
          1,
          2,
          null,
          null,
          null,
          null,
          null,
          1,
          2,
          null,
          null,
          null,
          null,
          null
        ]
      },
      "/home/shelly/soa/pokezon/api-pokezon/app/domain/pokezon/repositories/init.rb": {
        "lines": [
          null,
          null,
          1,
          null,
          2,
          null
        ]
      },
      "/home/shelly/soa/pokezon/api-pokezon/app/domain/pokezon/repositories/pokemon/init.rb": {
        "lines": [
          null,
          null,
          1,
          1,
          1,
          1,
          1
        ]
      },
      "/home/shelly/soa/pokezon/api-pokezon/app/domain/pokezon/repositories/pokemon/pokemons.rb": {
        "lines": [
          null,
          null,
          1,
          1,
          null,
          1,
          1,
          0,
          null,
          null,
          1,
          null,
          null,
          null,
          0,
          null,
          null,
          0,
          null,
          null,
          1,
          0,
          0,
          null,
          0,
          null,
          null,
          null,
          1,
          0,
          0,
          null,
          null,
          0,
          null,
          null,
          1,
          0,
          0,
          null,
          null,
          null,
          null,
          0,
          null,
          null,
          null,
          0,
          0,
          null,
          null,
          null,
          1,
          1,
          null,
          null,
          1,
          1,
          1,
          null,
          null,
          null,
          1,
          0,
          0,
          null,
          null,
          1,
          1,
          1,
          null,
          null,
          1,
          2,
          null,
          1,
          null,
          null,
          null,
          null,
          null,
          null,
          null,
          null,
          null,
          1,
          1,
          1,
          null,
          null,
          1,
          1,
          1,
          null,
          null,
          1,
          1,
          1,
          1,
          null,
          1,
          2,
          null,
          1,
          2,
          null,
          null,
          null,
          null,
          null,
          null,
          null
        ]
      },
      "/home/shelly/soa/pokezon/api-pokezon/app/domain/pokezon/repositories/pokemon/abilities.rb": {
        "lines": [
          null,
          null,
          1,
          1,
          null,
          1,
          1,
          0,
          null,
          null,
          1,
          null,
          1,
          1,
          2,
          null,
          null,
          null,
          1,
          2,
          2,
          2,
          null,
          null,
          null,
          null,
          null,
          null,
          null,
          null,
          1,
          2,
          2,
          2,
          null,
          null,
          null,
          null
        ]
      },
      "/home/shelly/soa/pokezon/api-pokezon/app/domain/pokezon/repositories/pokemon/evochains.rb": {
        "lines": [
          null,
          null,
          1,
          1,
          null,
          1,
          1,
          0,
          null,
          null,
          1,
          null,
          1,
          1,
          null,
          1,
          null,
          null,
          null,
          null,
          null,
          null,
          null,
          null,
          1,
          1,
          null,
          null,
          null,
          null
        ]
      },
      "/home/shelly/soa/pokezon/api-pokezon/app/domain/pokezon/repositories/pokemon/for.rb": {
        "lines": [
          null,
          null,
          1,
          1,
          null,
          1,
          null,
          1,
          null,
          null,
          1,
          0,
          null,
          null,
          1,
          1,
          null,
          null,
          null,
          null
        ]
      },
      "/home/shelly/soa/pokezon/api-pokezon/app/domain/pokezon/repositories/pokemon/types.rb": {
        "lines": [
          null,
          null,
          1,
          1,
          null,
          1,
          1,
          0,
          null,
          null,
          1,
          null,
          1,
          1,
          2,
          null,
          null,
          null,
          1,
          2,
          null,
          2,
          null,
          null,
          null,
          null,
          null,
          1,
          2,
          null,
          null,
          null,
          null
        ]
      },
      "/home/shelly/soa/pokezon/api-pokezon/app/domain/pokezon/repositories/products/init.rb": {
        "lines": [
          null,
          null,
          1,
          1
        ]
      },
      "/home/shelly/soa/pokezon/api-pokezon/app/domain/pokezon/repositories/products/products.rb": {
        "lines": [
          null,
          null,
          1,
          1,
          null,
          1,
          1,
          0,
          null,
          null,
          1,
          null,
          null,
          null,
          0,
          null,
          null,
          0,
          0,
          null,
          null,
          null,
          1,
          0,
          0,
          null,
          null,
          null,
          null,
          1,
          0,
          0,
          null,
          null,
          1,
          0,
          null,
          null,
          1,
          0,
          0,
          null,
          null,
          1,
          0,
          0,
          null,
          null,
          1,
          null,
          null,
          0,
          0,
          null,
          null,
          1,
          null,
          1,
          0,
          null,
          0,
          null,
          null,
          null,
          null,
          null,
          1,
          1,
          0,
          null,
          null,
          1,
          0,
          null,
          null,
          null,
          null,
          null,
          null,
          null,
          null,
          null,
          null,
          null,
          null,
          null,
          null,
          null,
          null,
          null
        ]
      },
      "/home/shelly/soa/pokezon/api-pokezon/app/domain/pokezon/repositories/products/for.rb": {
        "lines": [
          null,
          null,
          1,
          1,
          null,
          1,
          null,
          1,
          null,
          null,
          1,
          0,
          null,
          null,
          1,
          0,
          null,
          null,
          null,
          null
        ]
      },
      "/home/shelly/soa/pokezon/api-pokezon/app/domain/popularity/init.rb": {
        "lines": [
          null,
          null,
          1,
          1,
          4,
          null
        ]
      },
      "/home/shelly/soa/pokezon/api-pokezon/app/domain/popularity/lib/init.rb": {
        "lines": [
          null,
          null,
          1,
          2,
          null
        ]
      },
      "/home/shelly/soa/pokezon/api-pokezon/app/domain/popularity/lib/popularity_calculator.rb": {
        "lines": [
          null,
          null,
          1,
          1,
          null,
          1,
          null,
          1,
          0,
          null,
          0,
          0,
          0,
          0,
          null,
          null,
          null,
          1,
          0,
          null,
          0,
          null,
          null,
          null,
          1,
          0,
          null,
          null,
          null,
          1,
          0,
          null,
          0,
          0,
          0,
          null,
          null,
          null,
          null
        ]
      },
      "/home/shelly/soa/pokezon/api-pokezon/app/domain/popularity/values/init.rb": {
        "lines": [
          null,
          null,
          1,
          2,
          null
        ]
      },
      "/home/shelly/soa/pokezon/api-pokezon/app/domain/popularity/values/popularity_levels.rb": {
        "lines": [
          null,
          null,
          1,
          1,
          null,
          1,
          1,
          0,
          0,
          0,
          0,
          0,
          null,
          null,
          1,
          0,
          null,
          null,
          1,
          0,
          0,
          0,
          0,
          null,
          0,
          null,
          null,
          null,
          null,
          null
        ]
      },
      "/home/shelly/soa/pokezon/api-pokezon/app/domain/popularity/entities/init.rb": {
        "lines": [
          null,
          null,
          1,
          3,
          null
        ]
      },
      "/home/shelly/soa/pokezon/api-pokezon/app/domain/popularity/entities/popularity.rb": {
        "lines": [
          null,
          null,
          1,
          1,
          null,
          1,
          1,
          null,
          1,
          1,
          null,
          1,
          1,
          1,
          null,
          1,
          0,
          null,
          null,
          null,
          null
        ]
      },
      "/home/shelly/soa/pokezon/api-pokezon/app/domain/popularity/entities/popularity_level.rb": {
        "lines": [
          null,
          null,
          1,
          1,
          null,
          1,
          1,
          null,
          1,
          1,
          1,
          0,
          0,
          null,
          null,
          null,
          1,
          0,
          null,
          null,
          1,
          0,
          null,
          null,
          1,
          0,
          null,
          null,
          1,
          0,
          null,
          null,
          null,
          1,
          0,
          null,
          null,
          null,
          null,
          null,
          null,
          null,
          null,
          null,
          1,
          0,
          null,
          null,
          null,
          null,
          null,
          null,
          null,
          null
        ]
      },
      "/home/shelly/soa/pokezon/api-pokezon/app/domain/popularity/mappers/init.rb": {
        "lines": [
          null,
          null,
          1,
          2,
          null
        ]
      },
      "/home/shelly/soa/pokezon/api-pokezon/app/domain/popularity/mappers/popularities_mapper.rb": {
        "lines": [
          null,
          null,
          1,
          1,
          null,
          1,
          1,
          0,
          0,
          null,
          null,
          1,
          0,
          null,
          null,
          null,
          1,
          1,
          0,
          0,
          null,
          null,
          1,
          0,
          null,
          null,
          1,
          0,
          0,
          null,
          0,
          null,
          null,
          null,
          null,
          null
        ]
      },
      "/home/shelly/soa/pokezon/api-pokezon/app/infrastructure/init.rb": {
        "lines": [
          null,
          null,
          null,
          1,
          1,
          2,
          null
        ]
      },
      "/home/shelly/soa/pokezon/api-pokezon/app/infrastructure/gateways/init.rb": {
        "lines": [
          null,
          null,
          1,
          3,
          null
        ]
      },
      "/home/shelly/soa/pokezon/api-pokezon/app/infrastructure/gateways/pokemon_api.rb": {
        "lines": [
          null,
          null,
          1,
          null,
          1,
          1,
          null,
          1,
          1,
          1,
          null,
          null,
          1,
          1,
          null,
          null,
          1,
          1,
          null,
          null,
          1,
          2,
          null,
          null,
          1,
          1,
          null,
          null,
          null,
          1,
          1,
          1,
          1,
          null,
          1,
          1,
          null,
          null,
          1,
          1,
          null,
          null,
          1,
          1,
          null,
          null,
          1,
          6,
          6,
          null,
          6,
          null,
          null,
          null,
          null,
          null,
          1,
          null,
          null,
          null,
          1,
          null,
          null,
          null,
          null,
          null,
          null,
          1,
          null,
          null,
          1,
          6,
          null,
          null,
          1,
          0,
          null,
          null,
          null,
          null,
          null
        ]
      },
      "/home/shelly/soa/pokezon/api-pokezon/app/infrastructure/gateways/product_api.rb": {
        "lines": [
          null,
          null,
          1,
          null,
          1,
          1,
          null,
          1,
          1,
          0,
          null,
          null,
          null,
          1,
          1,
          null,
          null,
          1,
          0,
          null,
          null,
          1,
          0,
          null,
          0,
          0,
          null,
          null,
          null,
          null,
          null,
          1,
          null,
          1,
          null,
          1,
          null,
          null,
          1,
          null,
          null,
          null,
          1,
          0,
          null,
          null,
          1,
          0,
          null,
          null,
          null,
          null,
          null
        ]
      },
      "/home/shelly/soa/pokezon/api-pokezon/app/infrastructure/database/init.rb": {
        "lines": [
          null,
          null,
          1,
          1,
          1,
          null
        ]
      },
      "/home/shelly/soa/pokezon/api-pokezon/app/infrastructure/database/orms/init.rb": {
        "lines": [
          null,
          null,
          1,
          6,
          null
        ]
      },
      "/home/shelly/soa/pokezon/api-pokezon/app/infrastructure/database/orms/ability_orm.rb": {
        "lines": [
          null,
          null,
          1,
          null,
          1,
          1,
          null,
          1,
          1,
          null,
          null,
          null,
          null,
          1,
          null,
          1,
          2,
          null,
          null,
          null,
          null
        ]
      },
      "/home/shelly/soa/pokezon/api-pokezon/app/infrastructure/database/orms/evochain_orm.rb": {
        "lines": [
          null,
          null,
          1,
          null,
          1,
          1,
          null,
          1,
          1,
          null,
          null,
          null,
          1,
          null,
          1,
          1,
          null,
          null,
          null,
          null
        ]
      },
      "/home/shelly/soa/pokezon/api-pokezon/app/infrastructure/database/orms/pokemon_orm.rb": {
        "lines": [
          null,
          null,
          1,
          null,
          1,
          1,
          null,
          1,
          1,
          null,
          null,
          1,
          null,
          null,
          null,
          null,
          1,
          null,
          null,
          null,
          null,
          1,
          null,
          null,
          null
        ]
      },
      "/home/shelly/soa/pokezon/api-pokezon/app/infrastructure/database/orms/product_orm.rb": {
        "lines": [
          null,
          null,
          1,
          null,
          1,
          1,
          null,
          1,
          null,
          null,
          null,
          1,
          null,
          null,
          null
        ]
      },
      "/home/shelly/soa/pokezon/api-pokezon/app/infrastructure/database/orms/type_orm.rb": {
        "lines": [
          null,
          null,
          1,
          null,
          1,
          1,
          null,
          1,
          1,
          null,
          null,
          null,
          null,
          1,
          null,
          1,
          2,
          null,
          null,
          null,
          null
        ]
      },
      "/home/shelly/soa/pokezon/api-pokezon/app/application/init.rb": {
        "lines": [
          null,
          null,
          1,
          1,
          3,
          null
        ]
      },
      "/home/shelly/soa/pokezon/api-pokezon/app/application/requests/init.rb": {
        "lines": [
          null,
          null,
          1,
          5,
          null
        ]
      },
      "/home/shelly/soa/pokezon/api-pokezon/app/application/requests/advance_request_path.rb": {
        "lines": [
          null,
          null,
          1,
          1,
          null,
          1,
          1,
          0,
          0,
          0,
          0,
          0,
          0,
          0,
          null,
          null,
          1,
          null,
          null,
          null
        ]
      },
      "/home/shelly/soa/pokezon/api-pokezon/app/application/requests/like_request_path.rb": {
        "lines": [
          null,
          null,
          1,
          1,
          null,
          1,
          1,
          null,
          null,
          0,
          0,
          null,
          null,
          1,
          null,
          null,
          null
        ]
      },
      "/home/shelly/soa/pokezon/api-pokezon/app/application/requests/pokemon_request_path.rb": {
        "lines": [
          null,
          null,
          1,
          1,
          null,
          1,
          1,
          0,
          0,
          null,
          null,
          1,
          null,
          null,
          null
        ]
      },
      "/home/shelly/soa/pokezon/api-pokezon/app/application/requests/products_request_path.rb": {
        "lines": [
          null,
          null,
          1,
          1,
          null,
          1,
          1,
          0,
          0,
          null,
          null,
          1,
          null,
          null,
          null
        ]
      },
      "/home/shelly/soa/pokezon/api-pokezon/app/application/services/init.rb": {
        "lines": [
          null,
          null,
          1,
          7,
          null
        ]
      },
      "/home/shelly/soa/pokezon/api-pokezon/app/application/services/advance.rb": {
        "lines": [
          null,
          null,
          1,
          null,
          1,
          1,
          null,
          1,
          1,
          null,
          1,
          1,
          null,
          1,
          null,
          1,
          null,
          1,
          0,
          0,
          0,
          null,
          0,
          null,
          null,
          1,
          0,
          0,
          0,
          0,
          0,
          null,
          0,
          null,
          0,
          null,
          null,
          0,
          null,
          null,
          null,
          null,
          1,
          0,
          null,
          null,
          null,
          1,
          0,
          0,
          0,
          0,
          null,
          0,
          null,
          null,
          0,
          0,
          null,
          0,
          0,
          null,
          null,
          1,
          0,
          null,
          null,
          null,
          null,
          null
        ]
      },
      "/home/shelly/soa/pokezon/api-pokezon/app/application/services/pokemon_popularity.rb": {
        "lines": [
          null,
          null,
          1,
          null,
          1,
          1,
          null,
          1,
          1,
          null,
          1,
          1,
          null,
          1,
          null,
          1,
          1,
          null,
          1,
          0,
          0,
          0,
          null,
          0,
          null,
          null,
          0,
          null,
          null,
          1,
          0,
          0,
          0,
          0,
          null,
          0,
          null,
          null,
          0,
          null,
          null,
          null,
          null,
          1,
          0,
          null,
          null,
          1,
          0,
          null,
          null,
          null,
          null,
          null
        ]
      },
      "/home/shelly/soa/pokezon/api-pokezon/app/application/services/basic_pokemon_popularity.rb": {
        "lines": [
          null,
          null,
          1,
          null,
          1,
          1,
          null,
          1,
          1,
          null,
          1,
          1,
          null,
          1,
          null,
          1,
          null,
          1,
          null,
          null,
          null,
          0,
          null,
          0,
          null,
          null,
          1,
          null,
          0,
          0,
          0,
          0,
          null,
          null,
          null,
          0,
          null,
          0,
          null,
          0,
          null,
          null,
          null,
          null,
          null,
          0,
          null,
          null,
          null,
          null,
          1,
          0,
          null,
          null,
          1,
          0,
          null,
          null,
          null,
          null,
          null
        ]
      },
      "/home/shelly/soa/pokezon/api-pokezon/app/application/services/plus_product_like.rb": {
        "lines": [
          null,
          null,
          1,
          null,
          1,
          1,
          null,
          1,
          1,
          null,
          1,
          null,
          1,
          null,
          1,
          1,
          1,
          0,
          0,
          null,
          0,
          null,
          null,
          null,
          null,
          1,
          0,
          null,
          null,
          null,
          null
        ]
      },
      "/home/shelly/soa/pokezon/api-pokezon/app/application/services/show_products.rb": {
        "lines": [
          null,
          null,
          1,
          null,
          1,
          1,
          null,
          1,
          1,
          null,
          1,
          1,
          null,
          1,
          null,
          1,
          1,
          null,
          1,
          0,
          0,
          0,
          null,
          0,
          null,
          null,
          0,
          null,
          null,
          1,
          0,
          null,
          null,
          0,
          0,
          0,
          null,
          0,
          null,
          null,
          0,
          null,
          0,
          null,
          null,
          null,
          null,
          1,
          0,
          null,
          null,
          1,
          0,
          null,
          null,
          1,
          0,
          null,
          null,
          null,
          null,
          null
        ]
      },
      "/home/shelly/soa/pokezon/api-pokezon/app/application/services/plus_pokemon_like.rb": {
        "lines": [
          null,
          null,
          1,
          null,
          1,
          1,
          null,
          1,
          1,
          null,
          1,
          null,
          1,
          null,
          1,
          1,
          1,
          0,
          0,
          null,
          0,
          null,
          null,
          null,
          null,
          1,
          0,
          null,
          null,
          null,
          null
        ]
      },
      "/home/shelly/soa/pokezon/api-pokezon/app/application/controllers/init.rb": {
        "lines": [
          null,
          null,
          1,
          2,
          null
        ]
      },
      "/home/shelly/soa/pokezon/api-pokezon/app/application/controllers/app.rb": {
        "lines": [
          null,
          null,
          1,
          null,
          1,
          null,
          1,
          1,
          1,
          1,
          null,
          1,
          0,
          null,
          null,
          0,
          0,
          0,
          null,
          0,
          0,
          null,
          0,
          null,
          0,
          null,
          null,
          null,
          0,
          0,
          null,
          null,
          0,
          0,
          0,
          null,
          0,
          0,
          0,
          null,
          0,
          0,
          0,
          null,
          null,
          0,
          0,
          null,
          0,
          null,
          null,
          null,
          0,
          0,
          0,
          null,
          0,
          0,
          0,
          0,
          0,
          0,
          null,
          0,
          0,
          0,
          null,
          null,
          null,
          null,
          0,
          0,
          0,
          null,
          null,
          0,
          0,
          0,
          0,
          0,
          0,
          null,
          0,
          0,
          0,
          null,
          null,
          null,
          null,
          0,
          0,
          null,
          0,
          null,
          0,
          0,
          0,
          null,
          null,
          0,
          0,
          null,
          0,
          null,
          null,
          null,
          null,
          null,
          0,
          null,
          0,
          0,
          null,
          null,
          0,
          0,
          null,
          null,
          0,
          0,
          0,
          null,
          null,
          0,
          0,
          null,
          0,
          null,
          null,
          null,
          null,
          null,
          null,
          null,
          null
        ]
      },
      "/home/shelly/soa/pokezon/api-pokezon/app/presentation/init.rb": {
        "lines": [
          null,
          null,
          1,
          1,
          2,
          null
        ]
      },
      "/home/shelly/soa/pokezon/api-pokezon/app/presentation/responses/init.rb": {
        "lines": [
          null,
          null,
          1,
          6,
          null
        ]
      },
      "/home/shelly/soa/pokezon/api-pokezon/app/presentation/responses/api_result.rb": {
        "lines": [
          null,
          null,
          1,
          1,
          1,
          null,
          null,
          null,
          1,
          null,
          null,
          null,
          null,
          1,
          null,
          null,
          1,
          1,
          0,
          null,
          0,
          null,
          null,
          null,
          null
        ]
      },
      "/home/shelly/soa/pokezon/api-pokezon/app/presentation/responses/basic_pokemon_list.rb": {
        "lines": [
          null,
          null,
          1,
          1,
          null,
          null,
          1,
          null,
          null
        ]
      },
      "/home/shelly/soa/pokezon/api-pokezon/app/presentation/responses/basic_pokemon_popularity.rb": {
        "lines": [
          null,
          null,
          1,
          1,
          null,
          1,
          null,
          null
        ]
      },
      "/home/shelly/soa/pokezon/api-pokezon/app/presentation/responses/pokemon_popularity.rb": {
        "lines": [
          null,
          null,
          1,
          1,
          null,
          1,
          null,
          null
        ]
      },
      "/home/shelly/soa/pokezon/api-pokezon/app/presentation/responses/products_list.rb": {
        "lines": [
          null,
          null,
          1,
          1,
          null,
          1,
          null,
          null
        ]
      },
      "/home/shelly/soa/pokezon/api-pokezon/app/presentation/representers/init.rb": {
        "lines": [
          null,
          null,
          1,
          14,
          null
        ]
      },
      "/home/shelly/soa/pokezon/api-pokezon/app/presentation/representers/ability_representer.rb": {
        "lines": [
          null,
          null,
          1,
          1,
          null,
          1,
          1,
          null,
          null,
          null,
          null,
          1,
          1,
          null,
          1,
          1,
          1,
          1,
          null,
          null,
          null
        ]
      },
      "/home/shelly/soa/pokezon/api-pokezon/app/presentation/representers/basic_pokemon_popularity_representer.rb": {
        "lines": [
          null,
          null,
          1,
          1,
          null,
          1,
          1,
          null,
          1,
          1,
          null,
          1,
          1,
          null,
          1,
          1,
          null,
          null,
          null
        ]
      },
      "/home/shelly/soa/pokezon/api-pokezon/app/presentation/representers/basic_pokemon_representer.rb": {
        "lines": [
          null,
          null,
          1,
          1,
          1,
          null,
          1,
          1,
          null,
          1,
          1,
          1,
          1,
          null,
          1,
          1,
          1,
          1,
          1,
          null,
          1,
          0,
          null,
          null,
          1,
          null,
          1,
          0,
          null,
          null,
          null,
          null
        ]
      },
      "/home/shelly/soa/pokezon/api-pokezon/app/presentation/representers/popularity_representer.rb": {
        "lines": [
          null,
          null,
          1,
          1,
          null,
          1,
          1,
          null,
          1,
          1,
          null,
          1,
          1,
          null,
          null,
          null
        ]
      },
      "/home/shelly/soa/pokezon/api-pokezon/app/presentation/representers/basic_pokemonlist_representer.rb": {
        "lines": [
          null,
          null,
          1,
          1,
          null,
          1,
          null,
          1,
          1,
          null,
          1,
          1,
          null,
          1,
          1,
          null,
          null,
          null,
          null,
          1,
          null,
          1,
          null,
          null,
          null
        ]
      },
      "/home/shelly/soa/pokezon/api-pokezon/app/presentation/representers/openstruct_with_links.rb": {
        "lines": [
          null,
          null,
          1,
          1,
          null,
          1,
          1,
          null,
          null,
          null
        ]
      },
      "/home/shelly/soa/pokezon/api-pokezon/app/presentation/representers/evochain_representer.rb": {
        "lines": [
          null,
          null,
          1,
          1,
          null,
          1,
          1,
          null,
          1,
          1,
          null,
          1,
          1,
          1,
          1,
          null,
          null,
          null
        ]
      },
      "/home/shelly/soa/pokezon/api-pokezon/app/presentation/representers/http_response_representer.rb": {
        "lines": [
          null,
          null,
          1,
          1,
          null,
          1,
          1,
          null,
          null,
          null,
          null,
          null,
          1,
          1,
          null,
          1,
          1,
          null,
          1,
          null,
          null,
          null,
          null,
          null,
          null,
          null,
          null,
          null,
          null,
          null,
          null,
          null,
          null,
          1,
          0,
          null,
          null,
          null,
          null
        ]
      },
      "/home/shelly/soa/pokezon/api-pokezon/app/presentation/representers/pokemon_popularity_representer.rb": {
        "lines": [
          null,
          null,
          1,
          1,
          null,
          1,
          1,
          null,
          1,
          1,
          null,
          1,
          1,
          null,
          1,
          1,
          null,
          null,
          null
        ]
      },
      "/home/shelly/soa/pokezon/api-pokezon/app/presentation/representers/pokemon_representer.rb": {
        "lines": [
          null,
          null,
          1,
          1,
          null,
          1,
          1,
          1,
          null,
          1,
          1,
          null,
          1,
          1,
          1,
          1,
          null,
          1,
          1,
          1,
          1,
          1,
          1,
          1,
          1,
          1,
          1,
          1,
          1,
          1,
          1,
          null,
          1,
          null,
          1,
          1,
          null,
          1,
          0,
          null,
          null,
          1,
          null,
          1,
          0,
          null,
          null,
          null,
          null
        ]
      },
      "/home/shelly/soa/pokezon/api-pokezon/app/presentation/representers/type_representer.rb": {
        "lines": [
          null,
          null,
          1,
          1,
          null,
          1,
          1,
          null,
          1,
          1,
          null,
          1,
          null,
          null,
          null
        ]
      },
      "/home/shelly/soa/pokezon/api-pokezon/app/presentation/representers/product_representer.rb": {
        "lines": [
          null,
          null,
          1,
          1,
          null,
          1,
          1,
          null,
          1,
          1,
          1,
          1,
          null,
          1,
          1,
          1,
          1,
          1,
          1,
          1,
          1,
          1,
          1,
          null,
          1,
          0,
          null,
          null,
          1,
          null,
          1,
          0,
          null,
          null,
          null,
          null
        ]
      },
      "/home/shelly/soa/pokezon/api-pokezon/app/presentation/representers/products_representer.rb": {
        "lines": [
          null,
          null,
          1,
          1,
          null,
          1,
          1,
          null,
          1,
          1,
          null,
          1,
          1,
          null,
          1,
          null,
          null,
          null,
          null
        ]
      },
      "/home/shelly/soa/pokezon/api-pokezon/spec/helpers/vcr_helper.rb": {
        "lines": [
          null,
          null,
          1,
          1,
          null,
          null,
          1,
          1,
          1,
          null,
          1,
          1,
          1,
          1,
          1,
          null,
          null,
          null,
          1,
          1,
          40,
          40,
          null,
          null,
          1,
          null,
          null,
          null,
          null,
          null,
          null,
          null,
          1,
          1,
          null,
          null
        ]
      },
      "/home/shelly/soa/pokezon/api-pokezon/spec/helpers/database_helper.rb": {
        "lines": [
          null,
          null,
          1,
          null,
          null,
          1,
          1,
          1,
          1,
          1,
          null,
          null,
          1,
          1,
          1,
          1,
          null,
          null
        ]
      }
    },
    "timestamp": 1608531469
  }
}
